ch_My room	04/08/2012	12:35:11		guest581 joins My room
ch_My room	04/08/2012	12:45:59	guest581	testing
ch_My room	04/08/2012	13:08:45		guest99 joins My room
ch_My room	04/08/2012	16:07:53		guest759 joins My room
ch_My room	04/08/2012	16:08:22		guest658 joins My room
ch_My room	04/08/2012	16:08:36	guest759	kya haal?
ch_My room	04/08/2012	16:16:46		guest488 joins My room
ch_My room	04/08/2012	16:17:37		guest907 joins My room
ch_My room	04/08/2012	16:17:50	guest488	waddup!
ch_My room	04/08/2012	16:17:52	guest907	***** ****
ch_My room	04/08/2012	16:17:54	guest488	:P
ch_My room	04/08/2012	16:17:55	guest907	lol
ch_My room	04/08/2012	16:18:00	guest488	nice no?
ch_My room	04/08/2012	16:18:11	guest488	works awesome...!
ch_My room	04/08/2012	16:18:21	guest488	name change will happen soon.
ch_My room	04/08/2012	16:18:31	guest907	yeah man nice
ch_My room	04/08/2012	16:18:33	guest907	good shit
ch_My room	04/08/2012	16:18:39	guest488	^_^
ch_My room	04/08/2012	16:20:28	guest488	guest907 quit (timeout)
ch_My room	04/08/2012	16:24:24		guest737 joins My room
ch_My room	04/08/2012	16:24:34	guest737	fodu
ch_My room	04/08/2012	17:53:56		guest141 joins My room
ch_My room	04/08/2012	17:54:04	guest141	grt
ch_My room	04/08/2012	17:54:12	guest141	dude kool job
ch_My room	05/08/2012	07:43:58		kanishkaganguly joins My room
ch_My room	05/08/2012	07:50:53		sohamcha joins My room
ch_My room	05/08/2012	07:52:10		guest771 joins My room
ch_My room	05/08/2012	07:52:21	kanishkaganguly	sohamcha quit (timeout)
